ERROR 2021-09-26 13:41:50,733 Unable to open ./favicon.ico api/debug/debug.cpp:14 kestane@KESTANE
ERROR 2021-09-26 13:42:02,063 Unable to open ./favicon.ico api/debug/debug.cpp:14 kestane@KESTANE
ERROR 2021-09-26 13:42:09,981 Unable to open ./favicon.ico api/debug/debug.cpp:14 kestane@KESTANE
ERROR 2021-09-26 13:44:06,335 Unable to open ./favicon.ico api/debug/debug.cpp:14 kestane@KESTANE
ERROR 2021-09-26 13:44:27,676 Unable to open ./favicon.ico api/debug/debug.cpp:14 kestane@KESTANE
ERROR 2021-09-26 13:44:29,711 Unable to open ./favicon.ico api/debug/debug.cpp:14 kestane@KESTANE
ERROR 2021-09-26 13:44:37,054 Unable to open ./favicon.ico api/debug/debug.cpp:14 kestane@KESTANE
ERROR 2021-09-26 13:44:52,398 Unable to open ./favicon.ico api/debug/debug.cpp:14 kestane@KESTANE
ERROR 2021-09-26 13:45:02,742 Unable to open ./favicon.ico api/debug/debug.cpp:14 kestane@KESTANE
ERROR 2021-09-26 13:45:10,100 Unable to open ./favicon.ico api/debug/debug.cpp:14 kestane@KESTANE
ERROR 2021-09-26 13:45:11,131 Unable to open ./favicon.ico api/debug/debug.cpp:14 kestane@KESTANE
ERROR 2021-09-26 13:46:00,465 Unable to open ./resources/Minimize.png api/debug/debug.cpp:14 kestane@KESTANE
ERROR 2021-09-26 13:46:00,471 Unable to open ./resources/Restore.png api/debug/debug.cpp:14 kestane@KESTANE
ERROR 2021-09-26 13:46:00,472 Unable to open ./resources/Maximize.png api/debug/debug.cpp:14 kestane@KESTANE
ERROR 2021-09-26 13:46:00,474 Unable to open ./resources/Close.png api/debug/debug.cpp:14 kestane@KESTANE
ERROR 2021-09-26 13:46:00,482 Unable to open ./favicon.ico api/debug/debug.cpp:14 kestane@KESTANE
ERROR 2021-09-26 13:46:47,823 Unable to open ./favicon.ico api/debug/debug.cpp:14 kestane@KESTANE
ERROR 2021-09-26 13:46:57,083 Unable to open ./favicon.ico api/debug/debug.cpp:14 kestane@KESTANE
ERROR 2021-09-26 13:47:00,115 Unable to open ./favicon.ico api/debug/debug.cpp:14 kestane@KESTANE
ERROR 2021-09-26 13:47:04,212 Unable to open ./favicon.ico api/debug/debug.cpp:14 kestane@KESTANE
ERROR 2021-09-26 13:47:18,497 Unable to open ./favicon.ico api/debug/debug.cpp:14 kestane@KESTANE
ERROR 2021-09-26 13:50:34,853 Unable to open ./favicon.ico api/debug/debug.cpp:14 kestane@KESTANE
ERROR 2021-09-26 13:50:43,138 Unable to open ./favicon.ico api/debug/debug.cpp:14 kestane@KESTANE
ERROR 2021-09-26 13:51:45,078 Unable to open ./favicon.ico api/debug/debug.cpp:14 kestane@KESTANE
ERROR 2021-09-26 13:52:09,405 Unable to open ./favicon.ico api/debug/debug.cpp:14 kestane@KESTANE
ERROR 2021-09-26 13:52:15,489 Unable to open ./favicon.ico api/debug/debug.cpp:14 kestane@KESTANE
ERROR 2021-09-26 13:52:49,828 Unable to open ./favicon.ico api/debug/debug.cpp:14 kestane@KESTANE
ERROR 2021-09-26 13:54:04,182 Unable to open ./favicon.ico api/debug/debug.cpp:14 kestane@KESTANE
ERROR 2021-09-26 13:55:13,542 Unable to open ./favicon.ico api/debug/debug.cpp:14 kestane@KESTANE
ERROR 2021-09-26 13:56:14,890 Unable to open ./favicon.ico api/debug/debug.cpp:14 kestane@KESTANE
ERROR 2021-09-26 13:56:24,229 Unable to open ./favicon.ico api/debug/debug.cpp:14 kestane@KESTANE
ERROR 2021-09-26 13:56:31,840 Unable to open ./favicon.ico api/debug/debug.cpp:14 kestane@KESTANE
ERROR 2021-09-26 14:01:02,192 Unable to open ./favicon.ico api/debug/debug.cpp:14 kestane@KESTANE
ERROR 2021-09-26 14:01:21,560 Unable to open ./favicon.ico api/debug/debug.cpp:14 kestane@KESTANE
ERROR 2021-09-26 14:01:22,574 Unable to open ./favicon.ico api/debug/debug.cpp:14 kestane@KESTANE
ERROR 2021-09-26 14:01:56,931 Unable to open ./favicon.ico api/debug/debug.cpp:14 kestane@KESTANE
ERROR 2021-09-26 14:01:57,972 Unable to open ./favicon.ico api/debug/debug.cpp:14 kestane@KESTANE
ERROR 2021-09-26 14:03:04,330 Unable to open ./favicon.ico api/debug/debug.cpp:14 kestane@KESTANE
ERROR 2021-09-26 14:03:16,680 Unable to open ./favicon.ico api/debug/debug.cpp:14 kestane@KESTANE
ERROR 2021-09-26 14:04:58,144 Unable to open ./favicon.ico api/debug/debug.cpp:14 kestane@KESTANE
ERROR 2021-09-26 14:07:20,995 Unable to open ./favicon.ico api/debug/debug.cpp:14 kestane@KESTANE
ERROR 2021-09-26 14:15:39,991 Unable to open ./favicon.ico api/debug/debug.cpp:14 kestane@KESTANE
ERROR 2021-09-26 14:26:10,928 Unable to open ./favicon.ico api/debug/debug.cpp:14 kestane@KESTANE
ERROR 2021-09-26 14:28:19,292 Unable to open ./favicon.ico api/debug/debug.cpp:14 kestane@KESTANE
ERROR 2021-09-26 14:34:39,021 Unable to open ./favicon.ico api/debug/debug.cpp:14 kestane@KESTANE
ERROR 2021-09-26 14:37:47,340 Unable to open ./favicon.ico api/debug/debug.cpp:14 kestane@KESTANE
ERROR 2021-09-26 14:41:42,683 Unable to open ./favicon.ico api/debug/debug.cpp:14 kestane@KESTANE
ERROR 2021-09-26 14:41:54,042 Unable to open ./favicon.ico api/debug/debug.cpp:14 kestane@KESTANE
ERROR 2021-09-26 14:43:42,427 Unable to open ./favicon.ico api/debug/debug.cpp:14 kestane@KESTANE
ERROR 2021-09-26 14:43:50,760 Unable to open ./favicon.ico api/debug/debug.cpp:14 kestane@KESTANE
ERROR 2021-09-26 14:44:11,381 Unable to open ./favicon.ico api/debug/debug.cpp:14 kestane@KESTANE
ERROR 2021-09-26 14:45:26,739 Unable to open ./favicon.ico api/debug/debug.cpp:14 kestane@KESTANE
ERROR 2021-09-26 14:45:45,039 Unable to open ./favicon.ico api/debug/debug.cpp:14 kestane@KESTANE
ERROR 2021-09-26 14:45:46,093 Unable to open ./favicon.ico api/debug/debug.cpp:14 kestane@KESTANE
ERROR 2021-09-26 14:45:56,273 Unable to open ./favicon.ico api/debug/debug.cpp:14 kestane@KESTANE
ERROR 2021-09-26 14:56:10,619 Unable to open ./favicon.ico api/debug/debug.cpp:14 kestane@KESTANE
ERROR 2021-09-26 14:58:20,978 Unable to open ./favicon.ico api/debug/debug.cpp:14 kestane@KESTANE
ERROR 2021-09-26 14:58:42,131 Unable to open ./favicon.ico api/debug/debug.cpp:14 kestane@KESTANE
ERROR 2021-09-26 15:07:15,924 Unable to open ./favicon.ico api/debug/debug.cpp:14 kestane@KESTANE
ERROR 2021-09-26 15:07:33,429 Unable to open ./favicon.ico api/debug/debug.cpp:14 kestane@KESTANE
ERROR 2021-09-26 15:07:42,605 Unable to open ./favicon.ico api/debug/debug.cpp:14 kestane@KESTANE
ERROR 2021-09-26 15:28:31,410 Unable to open ./favicon.ico api/debug/debug.cpp:14 kestane@KESTANE
ERROR 2021-09-26 15:29:14,726 Unable to open ./favicon.ico api/debug/debug.cpp:14 kestane@KESTANE
ERROR 2021-09-26 15:31:46,961 Unable to open ./favicon.ico api/debug/debug.cpp:14 kestane@KESTANE
ERROR 2021-09-26 15:33:00,981 Unable to open ./favicon.ico api/debug/debug.cpp:14 kestane@KESTANE
ERROR 2021-09-26 15:33:20,293 Unable to open ./favicon.ico api/debug/debug.cpp:14 kestane@KESTANE
ERROR 2021-09-26 15:38:45,670 Unable to open ./favicon.ico api/debug/debug.cpp:14 kestane@KESTANE
ERROR 2021-09-26 15:50:10,995 Unable to open ./favicon.ico api/debug/debug.cpp:14 kestane@KESTANE
ERROR 2021-09-26 15:50:46,324 Unable to open ./favicon.ico api/debug/debug.cpp:14 kestane@KESTANE
ERROR 2021-09-26 15:50:47,388 Unable to open ./favicon.ico api/debug/debug.cpp:14 kestane@KESTANE
ERROR 2021-09-26 15:51:23,738 Unable to open ./favicon.ico api/debug/debug.cpp:14 kestane@KESTANE
ERROR 2021-09-26 15:53:02,112 Unable to open ./favicon.ico api/debug/debug.cpp:14 kestane@KESTANE
ERROR 2021-09-26 15:53:17,460 Unable to open ./favicon.ico api/debug/debug.cpp:14 kestane@KESTANE
ERROR 2021-09-26 15:53:19,669 Unable to open ./favicon.ico api/debug/debug.cpp:14 kestane@KESTANE
ERROR 2021-09-26 15:54:26,040 Unable to open ./favicon.ico api/debug/debug.cpp:14 kestane@KESTANE
ERROR 2021-09-26 15:54:27,181 Unable to open ./favicon.ico api/debug/debug.cpp:14 kestane@KESTANE
ERROR 2021-09-26 15:55:02,547 Unable to open ./favicon.ico api/debug/debug.cpp:14 kestane@KESTANE
ERROR 2021-09-26 15:55:03,594 Unable to open ./favicon.ico api/debug/debug.cpp:14 kestane@KESTANE
ERROR 2021-09-26 15:55:27,946 Unable to open ./favicon.ico api/debug/debug.cpp:14 kestane@KESTANE
ERROR 2021-09-26 15:55:40,299 Unable to open ./favicon.ico api/debug/debug.cpp:14 kestane@KESTANE
ERROR 2021-09-26 15:55:59,649 Unable to open ./favicon.ico api/debug/debug.cpp:14 kestane@KESTANE
ERROR 2021-09-26 15:56:09,037 Unable to open ./favicon.ico api/debug/debug.cpp:14 kestane@KESTANE
ERROR 2021-09-26 15:56:10,072 Unable to open ./favicon.ico api/debug/debug.cpp:14 kestane@KESTANE
ERROR 2021-09-26 15:56:24,430 Unable to open ./favicon.ico api/debug/debug.cpp:14 kestane@KESTANE
ERROR 2021-09-26 15:56:45,792 Unable to open ./favicon.ico api/debug/debug.cpp:14 kestane@KESTANE
ERROR 2021-09-26 15:57:09,150 Unable to open ./favicon.ico api/debug/debug.cpp:14 kestane@KESTANE
ERROR 2021-09-26 15:57:19,506 Unable to open ./favicon.ico api/debug/debug.cpp:14 kestane@KESTANE
ERROR 2021-09-26 15:57:21,574 Unable to open ./favicon.ico api/debug/debug.cpp:14 kestane@KESTANE
ERROR 2021-09-26 15:57:28,918 Unable to open ./favicon.ico api/debug/debug.cpp:14 kestane@KESTANE
ERROR 2021-09-26 16:06:27,274 Unable to open ./favicon.ico api/debug/debug.cpp:14 kestane@KESTANE
ERROR 2021-09-26 16:07:34,640 Unable to open ./favicon.ico api/debug/debug.cpp:14 kestane@KESTANE
ERROR 2021-09-26 16:08:07,988 Unable to open ./favicon.ico api/debug/debug.cpp:14 kestane@KESTANE
ERROR 2021-09-26 16:08:39,357 Unable to open ./favicon.ico api/debug/debug.cpp:14 kestane@KESTANE
ERROR 2021-09-26 16:08:43,385 Unable to open ./favicon.ico api/debug/debug.cpp:14 kestane@KESTANE
ERROR 2021-09-26 16:09:18,750 Unable to open ./favicon.ico api/debug/debug.cpp:14 kestane@KESTANE
ERROR 2021-09-26 16:09:21,811 Unable to open ./favicon.ico api/debug/debug.cpp:14 kestane@KESTANE
ERROR 2021-09-26 16:09:28,289 Unable to open ./favicon.ico api/debug/debug.cpp:14 kestane@KESTANE
ERROR 2021-09-26 16:10:32,597 Unable to open ./favicon.ico api/debug/debug.cpp:14 kestane@KESTANE
ERROR 2021-09-26 16:13:45,830 Unable to open ./favicon.ico api/debug/debug.cpp:14 kestane@KESTANE
ERROR 2021-09-26 16:14:21,164 Unable to open ./favicon.ico api/debug/debug.cpp:14 kestane@KESTANE
ERROR 2021-09-26 16:15:06,532 Unable to open ./favicon.ico api/debug/debug.cpp:14 kestane@KESTANE
ERROR 2021-09-26 16:15:30,877 Unable to open ./favicon.ico api/debug/debug.cpp:14 kestane@KESTANE
ERROR 2021-09-26 16:15:51,008 Unable to open ./favicon.ico api/debug/debug.cpp:14 kestane@KESTANE
ERROR 2021-09-26 16:15:52,044 Unable to open ./favicon.ico api/debug/debug.cpp:14 kestane@KESTANE
ERROR 2021-09-26 16:17:24,392 Unable to open ./favicon.ico api/debug/debug.cpp:14 kestane@KESTANE
ERROR 2021-09-26 16:18:16,248 Unable to open ./favicon.ico api/debug/debug.cpp:14 kestane@KESTANE
ERROR 2021-09-26 16:18:17,293 Unable to open ./favicon.ico api/debug/debug.cpp:14 kestane@KESTANE
ERROR 2021-09-26 16:18:32,684 Unable to open ./favicon.ico api/debug/debug.cpp:14 kestane@KESTANE
ERROR 2021-09-26 16:18:33,418 Unable to open ./favicon.ico api/debug/debug.cpp:14 kestane@KESTANE
ERROR 2021-09-26 16:18:55,770 Unable to open ./favicon.ico api/debug/debug.cpp:14 kestane@KESTANE
ERROR 2021-09-26 16:19:03,151 Unable to open ./favicon.ico api/debug/debug.cpp:14 kestane@KESTANE
ERROR 2021-09-26 16:19:28,511 Unable to open ./favicon.ico api/debug/debug.cpp:14 kestane@KESTANE
ERROR 2021-09-26 16:19:33,553 Unable to open ./favicon.ico api/debug/debug.cpp:14 kestane@KESTANE
ERROR 2021-09-26 16:19:44,923 Unable to open ./favicon.ico api/debug/debug.cpp:14 kestane@KESTANE
ERROR 2021-09-26 16:29:50,278 Unable to open ./favicon.ico api/debug/debug.cpp:14 kestane@KESTANE
ERROR 2021-09-26 16:31:49,629 Unable to open ./favicon.ico api/debug/debug.cpp:14 kestane@KESTANE
ERROR 2021-09-26 16:32:09,000 Unable to open ./favicon.ico api/debug/debug.cpp:14 kestane@KESTANE
ERROR 2021-09-26 16:44:21,357 Unable to open ./favicon.ico api/debug/debug.cpp:14 kestane@KESTANE
ERROR 2021-09-26 16:44:24,815 Unable to open ./favicon.ico api/debug/debug.cpp:14 kestane@KESTANE
ERROR 2021-09-26 16:45:37,167 Unable to open ./favicon.ico api/debug/debug.cpp:14 kestane@KESTANE
ERROR 2021-09-26 16:45:39,765 Unable to open ./favicon.ico api/debug/debug.cpp:14 kestane@KESTANE
ERROR 2021-09-26 16:46:54,130 Unable to open ./favicon.ico api/debug/debug.cpp:14 kestane@KESTANE
ERROR 2021-09-26 16:51:07,553 Unable to open ./favicon.ico api/debug/debug.cpp:14 kestane@KESTANE
ERROR 2021-09-26 17:17:07,903 Unable to open ./favicon.ico api/debug/debug.cpp:14 kestane@KESTANE
ERROR 2021-09-26 17:27:29,255 Unable to open ./favicon.ico api/debug/debug.cpp:14 kestane@KESTANE
ERROR 2021-09-26 17:28:05,614 Unable to open ./favicon.ico api/debug/debug.cpp:14 kestane@KESTANE
ERROR 2021-09-26 17:28:28,982 Unable to open ./favicon.ico api/debug/debug.cpp:14 kestane@KESTANE
ERROR 2021-09-26 17:28:46,324 Unable to open ./favicon.ico api/debug/debug.cpp:14 kestane@KESTANE
ERROR 2021-09-26 17:30:30,713 Unable to open ./favicon.ico api/debug/debug.cpp:14 kestane@KESTANE
ERROR 2021-09-26 17:30:57,063 Unable to open ./favicon.ico api/debug/debug.cpp:14 kestane@KESTANE
ERROR 2021-09-26 17:31:17,411 Unable to open ./favicon.ico api/debug/debug.cpp:14 kestane@KESTANE
ERROR 2021-09-26 17:35:10,771 Unable to open ./favicon.ico api/debug/debug.cpp:14 kestane@KESTANE
ERROR 2021-09-26 17:35:30,138 Unable to open ./favicon.ico api/debug/debug.cpp:14 kestane@KESTANE
ERROR 2021-09-26 17:35:31,197 Unable to open ./favicon.ico api/debug/debug.cpp:14 kestane@KESTANE
ERROR 2021-09-26 17:36:48,570 Unable to open ./favicon.ico api/debug/debug.cpp:14 kestane@KESTANE
ERROR 2021-09-26 17:41:16,935 Unable to open ./favicon.ico api/debug/debug.cpp:14 kestane@KESTANE
ERROR 2021-09-26 17:41:56,306 Unable to open ./favicon.ico api/debug/debug.cpp:14 kestane@KESTANE
ERROR 2021-09-26 17:43:47,659 Unable to open ./favicon.ico api/debug/debug.cpp:14 kestane@KESTANE
ERROR 2021-09-26 17:44:30,102 Unable to open ./favicon.ico api/debug/debug.cpp:14 kestane@KESTANE
ERROR 2021-09-26 17:46:52,560 Unable to open ./favicon.ico api/debug/debug.cpp:14 kestane@KESTANE
ERROR 2021-09-26 17:46:53,595 Unable to open ./favicon.ico api/debug/debug.cpp:14 kestane@KESTANE
ERROR 2021-09-26 17:47:30,949 Unable to open ./favicon.ico api/debug/debug.cpp:14 kestane@KESTANE
ERROR 2021-09-26 17:47:54,318 Unable to open ./favicon.ico api/debug/debug.cpp:14 kestane@KESTANE
ERROR 2021-09-26 17:50:33,691 Unable to open ./favicon.ico api/debug/debug.cpp:14 kestane@KESTANE
ERROR 2021-09-26 17:50:49,486 Unable to open ./favicon.ico api/debug/debug.cpp:14 kestane@KESTANE
ERROR 2021-09-26 17:50:50,530 Unable to open ./favicon.ico api/debug/debug.cpp:14 kestane@KESTANE
ERROR 2021-09-26 17:51:03,898 Unable to open ./favicon.ico api/debug/debug.cpp:14 kestane@KESTANE
ERROR 2021-09-26 17:51:04,705 Unable to open ./favicon.ico api/debug/debug.cpp:14 kestane@KESTANE
ERROR 2021-09-26 17:53:25,078 Unable to open ./favicon.ico api/debug/debug.cpp:14 kestane@KESTANE
ERROR 2021-09-26 17:55:36,429 Unable to open ./favicon.ico api/debug/debug.cpp:14 kestane@KESTANE
ERROR 2021-09-26 17:59:23,791 Unable to open ./favicon.ico api/debug/debug.cpp:14 kestane@KESTANE
ERROR 2021-09-26 18:00:25,145 Unable to open ./favicon.ico api/debug/debug.cpp:14 kestane@KESTANE
ERROR 2021-09-26 18:00:44,503 Unable to open ./favicon.ico api/debug/debug.cpp:14 kestane@KESTANE
ERROR 2021-09-26 18:01:21,864 Unable to open ./favicon.ico api/debug/debug.cpp:14 kestane@KESTANE
ERROR 2021-09-26 18:04:39,212 Unable to open ./favicon.ico api/debug/debug.cpp:14 kestane@KESTANE
ERROR 2021-09-26 18:05:45,572 Unable to open ./favicon.ico api/debug/debug.cpp:14 kestane@KESTANE
ERROR 2021-09-26 18:06:02,941 Unable to open ./favicon.ico api/debug/debug.cpp:14 kestane@KESTANE
ERROR 2021-09-26 18:06:21,281 Unable to open ./favicon.ico api/debug/debug.cpp:14 kestane@KESTANE
ERROR 2021-09-26 18:06:30,624 Unable to open ./favicon.ico api/debug/debug.cpp:14 kestane@KESTANE
ERROR 2021-09-26 18:07:15,984 Unable to open ./favicon.ico api/debug/debug.cpp:14 kestane@KESTANE
ERROR 2021-09-26 18:07:18,566 Unable to open ./favicon.ico api/debug/debug.cpp:14 kestane@KESTANE
ERROR 2021-09-26 18:09:10,925 Unable to open ./favicon.ico api/debug/debug.cpp:14 kestane@KESTANE
ERROR 2021-09-26 18:09:18,294 Unable to open ./favicon.ico api/debug/debug.cpp:14 kestane@KESTANE
ERROR 2021-09-26 18:16:14,647 Unable to open ./favicon.ico api/debug/debug.cpp:14 kestane@KESTANE
ERROR 2021-09-26 18:17:30,000 Unable to open ./favicon.ico api/debug/debug.cpp:14 kestane@KESTANE
ERROR 2021-09-26 18:18:02,336 Unable to open ./favicon.ico api/debug/debug.cpp:14 kestane@KESTANE
ERROR 2021-09-26 18:18:31,686 Unable to open ./favicon.ico api/debug/debug.cpp:14 kestane@KESTANE
ERROR 2021-09-26 18:20:23,042 Unable to open ./favicon.ico api/debug/debug.cpp:14 kestane@KESTANE
ERROR 2021-09-26 18:21:41,404 Unable to open ./favicon.ico api/debug/debug.cpp:14 kestane@KESTANE
ERROR 2021-09-26 18:21:46,479 Unable to open ./favicon.ico api/debug/debug.cpp:14 kestane@KESTANE
ERROR 2021-09-26 18:21:53,806 Unable to open ./favicon.ico api/debug/debug.cpp:14 kestane@KESTANE
ERROR 2021-09-26 18:21:58,862 Unable to open ./favicon.ico api/debug/debug.cpp:14 kestane@KESTANE
ERROR 2021-09-26 18:22:06,204 Unable to open ./favicon.ico api/debug/debug.cpp:14 kestane@KESTANE
ERROR 2021-09-26 18:22:33,552 Unable to open ./favicon.ico api/debug/debug.cpp:14 kestane@KESTANE
ERROR 2021-09-26 18:22:39,896 Unable to open ./favicon.ico api/debug/debug.cpp:14 kestane@KESTANE
ERROR 2021-09-26 18:23:07,278 Unable to open ./favicon.ico api/debug/debug.cpp:14 kestane@KESTANE
ERROR 2021-09-26 18:23:11,360 Unable to open ./favicon.ico api/debug/debug.cpp:14 kestane@KESTANE
ERROR 2021-09-26 18:23:17,691 Unable to open ./favicon.ico api/debug/debug.cpp:14 kestane@KESTANE
ERROR 2021-09-26 18:23:27,063 Unable to open ./favicon.ico api/debug/debug.cpp:14 kestane@KESTANE
ERROR 2021-09-26 18:23:57,396 Unable to open ./favicon.ico api/debug/debug.cpp:14 kestane@KESTANE
ERROR 2021-09-26 18:24:31,742 Unable to open ./favicon.ico api/debug/debug.cpp:14 kestane@KESTANE
ERROR 2021-09-26 18:24:46,101 Unable to open ./favicon.ico api/debug/debug.cpp:14 kestane@KESTANE
ERROR 2021-09-26 18:24:51,925 Unable to open ./favicon.ico api/debug/debug.cpp:14 kestane@KESTANE
ERROR 2021-09-26 18:25:24,255 Unable to open ./favicon.ico api/debug/debug.cpp:14 kestane@KESTANE
ERROR 2021-09-26 18:25:34,589 Unable to open ./favicon.ico api/debug/debug.cpp:14 kestane@KESTANE
ERROR 2021-09-26 18:27:20,969 Unable to open ./favicon.ico api/debug/debug.cpp:14 kestane@KESTANE
ERROR 2021-09-26 18:27:37,319 Unable to open ./favicon.ico api/debug/debug.cpp:14 kestane@KESTANE
ERROR 2021-09-26 18:27:48,677 Unable to open ./favicon.ico api/debug/debug.cpp:14 kestane@KESTANE
ERROR 2021-09-26 18:27:54,709 Unable to open ./favicon.ico api/debug/debug.cpp:14 kestane@KESTANE
ERROR 2021-09-26 18:28:26,068 Unable to open ./favicon.ico api/debug/debug.cpp:14 kestane@KESTANE
ERROR 2021-09-26 18:30:06,416 Unable to open ./favicon.ico api/debug/debug.cpp:14 kestane@KESTANE
ERROR 2021-09-26 18:30:29,773 Unable to open ./favicon.ico api/debug/debug.cpp:14 kestane@KESTANE
ERROR 2021-09-26 18:30:40,122 Unable to open ./favicon.ico api/debug/debug.cpp:14 kestane@KESTANE
ERROR 2021-09-26 18:31:01,455 Unable to open ./favicon.ico api/debug/debug.cpp:14 kestane@KESTANE
ERROR 2021-09-26 18:31:59,822 Unable to open ./favicon.ico api/debug/debug.cpp:14 kestane@KESTANE
ERROR 2021-09-26 18:32:13,176 Unable to open ./favicon.ico api/debug/debug.cpp:14 kestane@KESTANE
ERROR 2021-09-26 18:32:18,233 Unable to open ./favicon.ico api/debug/debug.cpp:14 kestane@KESTANE
ERROR 2021-09-26 18:37:28,582 Unable to open ./favicon.ico api/debug/debug.cpp:14 kestane@KESTANE
ERROR 2021-09-26 18:37:35,930 Unable to open ./favicon.ico api/debug/debug.cpp:14 kestane@KESTANE
ERROR 2021-09-26 18:38:35,272 Unable to open ./favicon.ico api/debug/debug.cpp:14 kestane@KESTANE
ERROR 2021-09-26 18:50:54,612 Unable to open ./favicon.ico api/debug/debug.cpp:14 kestane@KESTANE
ERROR 2021-09-26 18:51:39,682 Unable to open ./favicon.ico api/debug/debug.cpp:14 kestane@KESTANE
ERROR 2021-09-26 18:51:44,714 Unable to open ./favicon.ico api/debug/debug.cpp:14 kestane@KESTANE
ERROR 2021-09-26 18:55:14,090 Unable to open ./favicon.ico api/debug/debug.cpp:14 kestane@KESTANE
ERROR 2021-09-26 18:57:06,434 Unable to open ./favicon.ico api/debug/debug.cpp:14 kestane@KESTANE
ERROR 2021-09-26 18:57:23,778 Unable to open ./favicon.ico api/debug/debug.cpp:14 kestane@KESTANE
ERROR 2021-09-26 18:57:24,828 Unable to open ./favicon.ico api/debug/debug.cpp:14 kestane@KESTANE
ERROR 2021-09-26 18:57:42,246 Unable to open ./favicon.ico api/debug/debug.cpp:14 kestane@KESTANE
ERROR 2021-09-26 18:57:46,151 Unable to open ./favicon.ico api/debug/debug.cpp:14 kestane@KESTANE
ERROR 2021-09-26 18:58:40,035 Unable to open ./favicon.ico api/debug/debug.cpp:14 kestane@KESTANE
ERROR 2021-09-26 18:59:38,108 Unable to open ./favicon.ico api/debug/debug.cpp:14 kestane@KESTANE
ERROR 2021-09-26 18:59:39,451 Unable to open ./favicon.ico api/debug/debug.cpp:14 kestane@KESTANE
ERROR 2021-09-26 19:05:52,793 Unable to open ./favicon.ico api/debug/debug.cpp:14 kestane@KESTANE
ERROR 2021-09-26 19:06:16,155 Unable to open ./favicon.ico api/debug/debug.cpp:14 kestane@KESTANE
ERROR 2021-09-26 19:08:01,509 Unable to open ./favicon.ico api/debug/debug.cpp:14 kestane@KESTANE
ERROR 2021-09-26 19:08:11,867 Unable to open ./favicon.ico api/debug/debug.cpp:14 kestane@KESTANE
ERROR 2021-09-26 19:08:13,923 Unable to open ./favicon.ico api/debug/debug.cpp:14 kestane@KESTANE
ERROR 2021-09-26 19:10:39,287 Unable to open ./favicon.ico api/debug/debug.cpp:14 kestane@KESTANE
ERROR 2021-09-26 19:10:40,341 Unable to open ./favicon.ico api/debug/debug.cpp:14 kestane@KESTANE
ERROR 2021-09-26 19:10:41,199 Unable to open ./favicon.ico api/debug/debug.cpp:14 kestane@KESTANE
ERROR 2021-09-26 19:13:20,688 Unable to open ./favicon.ico api/debug/debug.cpp:14 kestane@KESTANE
ERROR 2021-09-26 19:13:50,041 Unable to open ./favicon.ico api/debug/debug.cpp:14 kestane@KESTANE
ERROR 2021-09-26 19:14:22,625 Unable to open ./favicon.ico api/debug/debug.cpp:14 kestane@KESTANE
ERROR 2021-09-26 19:14:36,976 Unable to open ./favicon.ico api/debug/debug.cpp:14 kestane@KESTANE
ERROR 2021-09-26 19:14:37,263 Unable to open ./favicon.ico api/debug/debug.cpp:14 kestane@KESTANE
ERROR 2021-09-26 19:15:25,845 Unable to open ./favicon.ico api/debug/debug.cpp:14 kestane@KESTANE
ERROR 2021-09-26 19:15:57,967 Unable to open ./favicon.ico api/debug/debug.cpp:14 kestane@KESTANE
ERROR 2021-09-26 19:16:09,259 Unable to open ./favicon.ico api/debug/debug.cpp:14 kestane@KESTANE
ERROR 2021-09-26 19:16:17,684 Unable to open ./favicon.ico api/debug/debug.cpp:14 kestane@KESTANE
ERROR 2021-09-26 19:16:47,749 Unable to open ./favicon.ico api/debug/debug.cpp:14 kestane@KESTANE
ERROR 2021-09-26 19:19:02,088 Unable to open ./favicon.ico api/debug/debug.cpp:14 kestane@KESTANE
ERROR 2021-09-26 19:19:47,448 Unable to open ./favicon.ico api/debug/debug.cpp:14 kestane@KESTANE
ERROR 2021-09-26 19:19:58,790 Unable to open ./favicon.ico api/debug/debug.cpp:14 kestane@KESTANE
ERROR 2021-09-26 19:20:13,139 Unable to open ./favicon.ico api/debug/debug.cpp:14 kestane@KESTANE
ERROR 2021-09-26 19:21:01,482 Unable to open ./favicon.ico api/debug/debug.cpp:14 kestane@KESTANE
ERROR 2021-09-26 19:21:19,830 Unable to open ./favicon.ico api/debug/debug.cpp:14 kestane@KESTANE
ERROR 2021-09-26 19:21:22,904 Unable to open ./favicon.ico api/debug/debug.cpp:14 kestane@KESTANE
ERROR 2021-09-26 19:24:02,469 Unable to open ./favicon.ico api/debug/debug.cpp:14 kestane@KESTANE
ERROR 2021-09-26 19:25:04,576 Unable to open ./favicon.ico api/debug/debug.cpp:14 kestane@KESTANE
ERROR 2021-09-26 19:25:20,926 Unable to open ./favicon.ico api/debug/debug.cpp:14 kestane@KESTANE
ERROR 2021-09-26 19:25:21,503 Unable to open ./favicon.ico api/debug/debug.cpp:14 kestane@KESTANE
ERROR 2021-09-26 19:25:47,849 Unable to open ./favicon.ico api/debug/debug.cpp:14 kestane@KESTANE
ERROR 2021-09-26 19:25:58,200 Unable to open ./favicon.ico api/debug/debug.cpp:14 kestane@KESTANE
ERROR 2021-09-26 19:26:06,542 Unable to open ./favicon.ico api/debug/debug.cpp:14 kestane@KESTANE
ERROR 2021-09-26 19:26:08,053 Unable to open ./favicon.ico api/debug/debug.cpp:14 kestane@KESTANE
ERROR 2021-09-26 19:26:31,643 Unable to open ./favicon.ico api/debug/debug.cpp:14 kestane@KESTANE
ERROR 2021-09-26 19:26:59,774 Unable to open ./favicon.ico api/debug/debug.cpp:14 kestane@KESTANE
ERROR 2021-09-26 19:27:23,351 Unable to open ./favicon.ico api/debug/debug.cpp:14 kestane@KESTANE
ERROR 2021-09-26 19:31:48,485 Unable to open ./favicon.ico api/debug/debug.cpp:14 kestane@KESTANE
ERROR 2021-09-26 19:32:22,855 Unable to open ./favicon.ico api/debug/debug.cpp:14 kestane@KESTANE
ERROR 2021-09-26 19:32:27,889 Unable to open ./favicon.ico api/debug/debug.cpp:14 kestane@KESTANE
ERROR 2021-09-26 19:34:48,238 Unable to open ./favicon.ico api/debug/debug.cpp:14 kestane@KESTANE
ERROR 2021-09-26 19:34:59,573 Unable to open ./favicon.ico api/debug/debug.cpp:14 kestane@KESTANE
ERROR 2021-09-26 19:39:20,925 Unable to open ./favicon.ico api/debug/debug.cpp:14 kestane@KESTANE
ERROR 2021-09-26 19:39:52,278 Unable to open ./favicon.ico api/debug/debug.cpp:14 kestane@KESTANE
ERROR 2021-09-26 19:40:25,619 Unable to open ./favicon.ico api/debug/debug.cpp:14 kestane@KESTANE
ERROR 2021-09-26 19:42:32,972 Unable to open ./favicon.ico api/debug/debug.cpp:14 kestane@KESTANE
ERROR 2021-09-26 19:42:59,299 Unable to open ./favicon.ico api/debug/debug.cpp:14 kestane@KESTANE
ERROR 2021-09-26 19:43:24,654 Unable to open ./favicon.ico api/debug/debug.cpp:14 kestane@KESTANE
ERROR 2021-09-26 19:43:37,982 Unable to open ./favicon.ico api/debug/debug.cpp:14 kestane@KESTANE
ERROR 2021-09-26 19:43:58,320 Unable to open ./favicon.ico api/debug/debug.cpp:14 kestane@KESTANE
ERROR 2021-09-26 19:45:15,668 Unable to open ./favicon.ico api/debug/debug.cpp:14 kestane@KESTANE
ERROR 2021-09-26 19:46:14,716 Unable to open ./favicon.ico api/debug/debug.cpp:14 kestane@KESTANE
ERROR 2021-09-26 19:46:15,761 Unable to open ./favicon.ico api/debug/debug.cpp:14 kestane@KESTANE
ERROR 2021-09-26 19:46:27,092 Unable to open ./favicon.ico api/debug/debug.cpp:14 kestane@KESTANE
ERROR 2021-09-26 19:46:34,460 Unable to open ./favicon.ico api/debug/debug.cpp:14 kestane@KESTANE
ERROR 2021-09-26 19:47:57,802 Unable to open ./favicon.ico api/debug/debug.cpp:14 kestane@KESTANE
ERROR 2021-09-26 19:48:55,156 Unable to open ./favicon.ico api/debug/debug.cpp:14 kestane@KESTANE
ERROR 2021-09-26 19:49:02,470 Unable to open ./favicon.ico api/debug/debug.cpp:14 kestane@KESTANE
ERROR 2021-09-26 19:50:16,818 Unable to open ./favicon.ico api/debug/debug.cpp:14 kestane@KESTANE
ERROR 2021-09-26 19:50:28,179 Unable to open ./favicon.ico api/debug/debug.cpp:14 kestane@KESTANE
ERROR 2021-09-26 19:51:33,529 Unable to open ./favicon.ico api/debug/debug.cpp:14 kestane@KESTANE
ERROR 2021-09-26 19:56:42,230 Unable to open ./resources/Minimize.png api/debug/debug.cpp:14 kestane@KESTANE
ERROR 2021-09-26 19:59:36,524 Unable to open ./favicon.ico api/debug/debug.cpp:14 kestane@KESTANE
ERROR 2021-09-26 20:01:37,586 Unable to open ./favicon.ico api/debug/debug.cpp:14 kestane@KESTANE
ERROR 2021-09-26 20:03:30,722 Unable to open ./favicon.ico api/debug/debug.cpp:14 kestane@KESTANE
ERROR 2021-10-04 23:14:31,809 Unable to open ./favicon.ico api/debug/debug.cpp:14 kestane@KESTANE
ERROR 2021-10-04 23:15:58,024 Unable to open ./favicon.ico api/debug/debug.cpp:14 kestane@KESTANE
ERROR 2021-10-04 23:16:58,352 Unable to open ./favicon.ico api/debug/debug.cpp:14 kestane@KESTANE
ERROR 2021-10-04 23:19:50,945 Unable to open ./favicon.ico api/debug/debug.cpp:14 kestane@KESTANE
ERROR 2021-10-04 23:19:57,505 Unable to open ./favicon.ico api/debug/debug.cpp:14 kestane@KESTANE
ERROR 2021-10-04 23:20:28,879 Unable to open ./favicon.ico api/debug/debug.cpp:14 kestane@KESTANE
ERROR 2021-10-04 23:20:41,184 Unable to open ./favicon.ico api/debug/debug.cpp:14 kestane@KESTANE
ERROR 2021-10-04 23:20:45,222 Unable to open ./favicon.ico api/debug/debug.cpp:14 kestane@KESTANE
ERROR 2021-10-04 23:21:01,551 Unable to open ./favicon.ico api/debug/debug.cpp:14 kestane@KESTANE
ERROR 2021-10-04 23:21:05,581 Unable to open ./favicon.ico api/debug/debug.cpp:14 kestane@KESTANE
ERROR 2021-10-04 23:21:13,915 Unable to open ./favicon.ico api/debug/debug.cpp:14 kestane@KESTANE
ERROR 2021-10-04 23:21:24,243 Unable to open ./favicon.ico api/debug/debug.cpp:14 kestane@KESTANE
ERROR 2021-10-04 23:21:31,577 Unable to open ./favicon.ico api/debug/debug.cpp:14 kestane@KESTANE
ERROR 2021-10-04 23:22:43,922 Unable to open ./favicon.ico api/debug/debug.cpp:14 kestane@KESTANE
ERROR 2021-10-04 23:23:11,974 Unable to open ./favicon.ico api/debug/debug.cpp:14 kestane@KESTANE
ERROR 2021-10-04 23:23:47,192 Unable to open ./favicon.ico api/debug/debug.cpp:14 kestane@KESTANE
ERROR 2021-10-05 20:48:56,140 Unable to open ./favicon.ico api/debug/debug.cpp:14 kestane@KESTANE
ERROR 2021-10-05 20:51:19,378 Unable to open ./favicon.ico api/debug/debug.cpp:14 kestane@KESTANE
ERROR 2021-10-05 20:53:27,005 Unable to open ./favicon.ico api/debug/debug.cpp:14 kestane@KESTANE
ERROR 2021-10-05 21:18:20,588 Unable to open ./favicon.ico api/debug/debug.cpp:14 kestane@KESTANE
